[Licensing::Module] Trying to connect to existing licensing client channel...
Built from '6000.5/staging' branch; Version is '6000.5.3f1 (c2eb47b3a2a9) revision 12774215'; Using compiler version '194234433'; Build Type 'Release'
OS: 'Windows 10  (10.0.19045) 64bit Professional' Language: 'zh' Physical Memory: 32604 MB
BatchMode: 1, IsHumanControllingUs: 0, StartBugReporterOnCrash: 0, Is64bit: 1
System  architecture: x64
Process architecture: x64
Date: 2026-07-14T02:06:45Z
[Licensing::IpcConnector] Successfully connected to: "LicenseClient-Leon" at "2026-07-14T02:06:45.8934063Z"

COMMAND LINE ARGUMENTS:
C:\Program Files\Unity\Hub\Editor\6000.5.3f1\Editor\Unity.exe
-batchmode
-nographics
-projectPath
D:\AI-Worktrees\Xingyuan\gameplay
-runTests
-testPlatform
EditMode
-testResults
Logs\editmode-map-02-results.xml
-logFile
Logs\compile-map-02.log
Successfully changed project path to: D:\AI-Worktrees\Xingyuan\gameplay
D:/AI-Worktrees/Xingyuan/gameplay
[UnityMemory] Configuration Parameters - Can be set up in boot.config
    "memorysetup-temp-allocator-size-gi-baking-worker=262144"
    "memorysetup-temp-allocator-size-gi-baking-worker=262144"
    "memorysetup-temp-allocator-size-gi-baking-worker=262144"
    "memorysetup-temp-allocator-size-gi-baking-worker=262144"
    "memorysetup-temp-allocator-size-gi-baking-worker=262144"
    "memorysetup-temp-allocator-size-nav-mesh-worker=65536"
    "memorysetup-temp-allocator-size-audio-worker=65536"
    "memorysetup-temp-allocator-size-cloud-worker=32768"
    "memorysetup-temp-allocator-size-gfx=262144"
    "memorysetup-temp-allocator-size-preload-manager=33554432"
    "memorysetup-allocator-temp-initial-block-size-main=262144"
    "memorysetup-allocator-temp-initial-block-size-worker=262144"
    "memorysetup-temp-allocator-size-job-worker=262144"
    "memorysetup-temp-allocator-size-background-worker=32768"
    "memorysetup-bucket-allocator-granularity=16"
    "memorysetup-bucket-allocator-bucket-count=8"
    "memorysetup-bucket-allocator-block-size=33554432"
    "memorysetup-bucket-allocator-block-count=8"
    "memorysetup-main-allocator-block-size=16777216"
    "memorysetup-thread-allocator-block-size=16777216"
    "memorysetup-main-allocator-mimalloc-enabled=0"
    "memorysetup-gfx-main-allocator-block-size=16777216"
    "memorysetup-gfx-thread-allocator-block-size=16777216"
    "memorysetup-cache-allocator-block-size=4194304"
    "memorysetup-typetree-allocator-block-size=2097152"
    "memorysetup-profiler-bucket-allocator-granularity=16"
    "memorysetup-profiler-bucket-allocator-bucket-count=8"
    "memorysetup-profiler-bucket-allocator-block-size=33554432"
    "memorysetup-profiler-bucket-allocator-block-count=8"
    "memorysetup-profiler-allocator-block-size=16777216"
    "memorysetup-profiler-editor-allocator-block-size=1048576"
    "memorysetup-temp-allocator-size-main=16777216"
    "memorysetup-job-temp-allocator-block-size=2097152"
    "memorysetup-job-temp-allocator-block-size-background=1048576"
    "memorysetup-job-temp-allocator-reduction-small-platforms=262144"
Logging is directed to a specific file, skipping project log.Player connection [12448]  Target information:

Player connection [12448]  * "[IP] 192.168.1.4 [Port] 55504 [Flags] 2 [Guid] 4114302567 [EditorId] 4114302567 [Version] 1048832 [Id] WindowsEditor(7,DESKTOP-0676IGM) [Debug] 1 [PackageName] WindowsEditor [ProjectName] Editor" 

Player connection [12448] Host joined multi-casting on [225.0.0.222:54997]...
Player connection [12448] Host joined alternative multi-casting on [225.0.0.222:34997]...
Input System module state changed to: Initialized.
[Physics::Module] Initialized fallback backend.
[Physics::Module] Id: 0xdecafbad
[Package Manager] Connected to IPC stream "Upm-27056" after 0.3 seconds.
[Licensing::Module] Licensing is not yet initialized.
[Licensing::Client] Error: HandshakeResponse reported an error:
	ResponseCode: 505
	ResponseStatus: Unsupported protocol version '1.18.1'.
[Licensing::Module] Error: Failed to handshake to channel: "LicenseClient-Leon"
[Licensing::IpcConnector] LicenseClient-Leon channel disconnected successfully.
[Licensing::IpcConnector] Channel LicenseClient-Leon-6000.5.3 doesn't exist
[Licensing::Module] Successfully launched the LicensingClient (PId: 24800)
Starting IPC server.
Waiting for clients to connect on \\.\pipe\Unity-LicenseClient-Leon-6000.5.3, press Ctrl-C to exit.
[Licensing::IpcConnector] Successfully connected to: "LicenseClient-Leon-6000.5.3" at "2026-07-14T02:06:47.4164596Z"
[Licensing::Client] Code 10 while verifying Licensing Client signature (process Id: 24800, path: "C:/Program Files/Unity/Hub/Editor/6000.5.3f1/Editor/Data/Resources/Licensing/Client/Unity.Licensing.Client.exe")
[Licensing::Module] LicensingClient has failed validation; ignoring
[Licensing::Client] Handshaking with LicensingClient:
  Version:                 1.18.1+9fbee8e
  Session Id:              20784bcad21244399b2d672a16c84d29
  Correlation Id:          bed81deacc76b41e728f78c3865a7ae5
  External correlation Id: 6337997412622308069
  Machine Id:              vWNpQeZobeDVg7zSpPkIroteU18=
[Licensing::Module] Successfully connected to LicensingClient on channel: "LicenseClient-Leon-6000.5.3" (connect: 0.37s, validation: 0.19s, handshake: 0.01s)
[Licensing::IpcConnector] Successfully connected to: "LicenseClient-Leon-6000.5.3-notifications" at "2026-07-14T02:06:47.6092146Z"
[Licensing::Module] Connected to LicensingClient (PId: 24800, launch time: 0.01, total connection time: 0.57s)
[Licensing::Module] Error: Access token is unavailable; failed to update
[Licensing::Client] Successfully resolved entitlement details
[Licensing::Module] License group:
  Id: 1375968178372-UnityPersXXXX
  Product: Unity Personal
  Type: Assigned
  Expiration: Unlimited
[Licensing::Client] Successfully updated license, isAsync: True, time: 0.01
[Licensing::Module] Licensing Background thread has ended after 1.76s
[Licensing::Module] Licensing is initialized (took 1.35s).
[Licensing::Client] Successfully resolved entitlement details
Library Redirect Path: Library/
[Physics::Module] Selected backend.
[Physics::Module] Name: PhysX
[Physics::Module] Id: 0xf2b8ea05
[Physics::Module] SDK Version: 4.1.2
[Physics::Module] Integration Version: 1.0.0
[Physics::Module] Threading Mode: Multi-Threaded
Initialize engine version: 6000.5.3f1 (c2eb47b3a2a9)
[Subsystems] Discovering subsystems at path C:/Program Files/Unity/Hub/Editor/6000.5.3f1/Editor/Data/Resources/UnitySubsystems
[Subsystems] Discovering subsystems at path D:/AI-Worktrees/Xingyuan/gameplay/Assets
Forcing GfxDevice: Null
GfxDevice: creating device client; kGfxThreadingModeNonThreaded
NullGfxDevice:
    Version:  NULL 1.0 [1.0]
    Renderer: Null Device
    Vendor:   Unity Technologies
Initialize mono
Mono path[0] = 'C:/Program Files/Unity/Hub/Editor/6000.5.3f1/Editor/Data/Managed'
Mono path[1] = 'C:/Program Files/Unity/Hub/Editor/6000.5.3f1/Editor/Data/BCLExtensions/runtime/netstandard2.1'
Mono path[2] = 'C:/Program Files/Unity/Hub/Editor/6000.5.3f1/Editor/Data/MonoBleedingEdge/lib/mono/unityjit-win32'
Mono config path = 'C:/Program Files/Unity/Hub/Editor/6000.5.3f1/Editor/Data/MonoBleedingEdge/etc'
Using monoOptions --debugger-agent=transport=dt_socket,embedding=1,server=y,suspend=n,address=127.0.0.1:56056
CodeReloadManager initialized
ImportWorker Server TCP listen port: 0
AcceleratorClientConnectionCallback - disconnected - :0
Begin MonoManager ReloadAssembly
Registering precompiled unity dll's ...
Register platform support module: C:/Program Files/Unity/Hub/Editor/6000.5.3f1/Editor/Data/PlaybackEngines/WebGLSupport/UnityEditor.WebGL.Extensions.dll
Register platform support module: C:/Program Files/Unity/Hub/Editor/6000.5.3f1/Editor/Data/PlaybackEngines/WindowsStandaloneSupport/UnityEditor.WindowsStandalone.Extensions.dll
Registered in 0.001495 seconds.
Native extension for WindowsStandalone target not found
Native extension for WebGL target not found
Package Manager log level set to [2]
ScheduleIndexationOnStartup MainProcess:False IndexOnStartup:False
Mono: successfully reloaded assembly
- Finished resetting the current domain, in  0.257 seconds
Domain Reload Profiling: 619ms
	BeginReloadAssembly (103ms)
		CreateAndSetChildDomain (15ms)
	RebuildCommonClasses (3ms)
	RebuildNativeTypeToScriptingClass (11ms)
	initialDomainReloadingComplete (41ms)
	LoadAllAssembliesAndSetupDomain (200ms)
		LoadAssemblies (86ms)
		AnalyzeDomain (145ms)
			TypeCache.Refresh (144ms)
				TypeCache.ScanAssembly (134ms)
	FinalizeReload (260ms)
		SetupLoadedEditorAssemblies (0ms)
			BeforeProcessingInitializeOnLoad (62ms)
			ProcessInitializeOnLoadAttributes (65ms)
			ProcessInitializeOnLoadMethodAttributes (78ms)
[Licensing::Client] Successfully resolved entitlement details
Application.AssetDatabase Initial Refresh Start
[Package Manager] Restoring resolved packages state from cache
[Licensing::Client] Successfully resolved entitlement details
[Package Manager] Registered 57 packages:
  Packages from [https://packages.unity.com]:
    com.unity.ai.navigation@2.0.13 (location: D:\AI-Worktrees\Xingyuan\gameplay\Library\PackageCache\com.unity.ai.navigation@42d896194035)
    com.unity.collab-proxy@2.12.4 (location: D:\AI-Worktrees\Xingyuan\gameplay\Library\PackageCache\com.unity.collab-proxy@0b1559bcd34e)
    com.unity.ide.rider@3.0.38 (location: D:\AI-Worktrees\Xingyuan\gameplay\Library\PackageCache\com.unity.ide.rider@1f60b3138684)
    com.unity.ide.visualstudio@2.0.26 (location: D:\AI-Worktrees\Xingyuan\gameplay\Library\PackageCache\com.unity.ide.visualstudio@a99d56dec63f)
    com.unity.inputsystem@1.19.0 (location: D:\AI-Worktrees\Xingyuan\gameplay\Library\PackageCache\com.unity.inputsystem@21a28c3a6c83)
    com.unity.timeline@1.8.12 (location: D:\AI-Worktrees\Xingyuan\gameplay\Library\PackageCache\com.unity.timeline@8cd8509afae5)
    com.unity.visualscripting@1.9.11 (location: D:\AI-Worktrees\Xingyuan\gameplay\Library\PackageCache\com.unity.visualscripting@8bed5ad90189)
    com.unity.searcher@4.9.4 (location: D:\AI-Worktrees\Xingyuan\gameplay\Library\PackageCache\com.unity.searcher@d45a78918735)
    com.unity.burst@1.8.29 (location: D:\AI-Worktrees\Xingyuan\gameplay\Library\PackageCache\com.unity.burst@6bb9aca3ef38)
    com.unity.nuget.mono-cecil@1.11.6 (location: D:\AI-Worktrees\Xingyuan\gameplay\Library\PackageCache\com.unity.nuget.mono-cecil@ecb9724e46ff)
    com.unity.test-framework.performance@3.5.0 (location: D:\AI-Worktrees\Xingyuan\gameplay\Library\PackageCache\com.unity.test-framework.performance@8b56083ec0f0)
  Built-in packages:
    com.unity.multiplayer.center@1.0.1 (location: D:\AI-Worktrees\Xingyuan\gameplay\Library\PackageCache\com.unity.multiplayer.center@b860850997d0)
    com.unity.render-pipelines.universal@17.5.0 (location: D:\AI-Worktrees\Xingyuan\gameplay\Library\PackageCache\com.unity.render-pipelines.universal@276396f56b3f)
    com.unity.test-framework@1.7.0 (location: D:\AI-Worktrees\Xingyuan\gameplay\Library\PackageCache\com.unity.test-framework@1405238725ab)
    com.unity.ugui@2.5.0 (location: D:\AI-Worktrees\Xingyuan\gameplay\Library\PackageCache\com.unity.ugui@377fd60ad87b)
    com.unity.modules.accessibility@1.0.0 (location: D:\AI-Worktrees\Xingyuan\gameplay\Library\PackageCache\com.unity.modules.accessibility)
    com.unity.modules.adaptiveperformance@1.0.0 (location: D:\AI-Worktrees\Xingyuan\gameplay\Library\PackageCache\com.unity.modules.adaptiveperformance)
    com.unity.modules.ai@1.0.0 (location: D:\AI-Worktrees\Xingyuan\gameplay\Library\PackageCache\com.unity.modules.ai)
    com.unity.modules.androidjni@1.0.0 (location: D:\AI-Worktrees\Xingyuan\gameplay\Library\PackageCache\com.unity.modules.androidjni)
    com.unity.modules.animation@1.0.0 (location: D:\AI-Worktrees\Xingyuan\gameplay\Library\PackageCache\com.unity.modules.animation)
    com.unity.modules.assetbundle@1.0.0 (location: D:\AI-Worktrees\Xingyuan\gameplay\Library\PackageCache\com.unity.modules.assetbundle)
    com.unity.modules.audio@1.0.0 (location: D:\AI-Worktrees\Xingyuan\gameplay\Library\PackageCache\com.unity.modules.audio)
    com.unity.modules.cloth@1.0.0 (location: D:\AI-Worktrees\Xingyuan\gameplay\Library\PackageCache\com.unity.modules.cloth)
    com.unity.modules.director@1.0.0 (location: D:\AI-Worktrees\Xingyuan\gameplay\Library\PackageCache\com.unity.modules.director)
    com.unity.modules.imageconversion@1.0.0 (location: D:\AI-Worktrees\Xingyuan\gameplay\Library\PackageCache\com.unity.modules.imageconversion)
    com.unity.modules.imgui@1.0.0 (location: D:\AI-Worktrees\Xingyuan\gameplay\Library\PackageCache\com.unity.modules.imgui)
    com.unity.modules.jsonserialize@1.0.0 (location: D:\AI-Worktrees\Xingyuan\gameplay\Library\PackageCache\com.unity.modules.jsonserialize)
    com.unity.modules.particlesystem@1.0.0 (location: D:\AI-Worktrees\Xingyuan\gameplay\Library\PackageCache\com.unity.modules.particlesystem)
    com.unity.modules.physics@1.0.0 (location: D:\AI-Worktrees\Xingyuan\gameplay\Library\PackageCache\com.unity.modules.physics)
    com.unity.modules.physics2d@1.0.0 (location: D:\AI-Worktrees\Xingyuan\gameplay\Library\PackageCache\com.unity.modules.physics2d)
    com.unity.modules.physicscore2d@1.0.0 (location: D:\AI-Worktrees\Xingyuan\gameplay\Library\PackageCache\com.unity.modules.physicscore2d)
    com.unity.modules.screencapture@1.0.0 (location: D:\AI-Worktrees\Xingyuan\gameplay\Library\PackageCache\com.unity.modules.screencapture)
    com.unity.modules.terrain@1.0.0 (location: D:\AI-Worktrees\Xingyuan\gameplay\Library\PackageCache\com.unity.modules.terrain)
    com.unity.modules.terrainphysics@1.0.0 (location: D:\AI-Worktrees\Xingyuan\gameplay\Library\PackageCache\com.unity.modules.terrainphysics)
    com.unity.modules.tilemap@1.0.0 (location: D:\AI-Worktrees\Xingyuan\gameplay\Library\PackageCache\com.unity.modules.tilemap)
    com.unity.modules.ui@1.0.0 (location: D:\AI-Worktrees\Xingyuan\gameplay\Library\PackageCache\com.unity.modules.ui)
    com.unity.modules.uielements@1.0.0 (location: D:\AI-Worktrees\Xingyuan\gameplay\Library\PackageCache\com.unity.modules.uielements)
    com.unity.modules.umbra@1.0.0 (location: D:\AI-Worktrees\Xingyuan\gameplay\Library\PackageCache\com.unity.modules.umbra)
    com.unity.modules.unityanalytics@1.0.0 (location: D:\AI-Worktrees\Xingyuan\gameplay\Library\PackageCache\com.unity.modules.unityanalytics)
    com.unity.modules.unitywebrequest@1.0.0 (location: D:\AI-Worktrees\Xingyuan\gameplay\Library\PackageCache\com.unity.modules.unitywebrequest)
    com.unity.modules.unitywebrequestassetbundle@1.0.0 (location: D:\AI-Worktrees\Xingyuan\gameplay\Library\PackageCache\com.unity.modules.unitywebrequestassetbundle)
    com.unity.modules.unitywebrequestaudio@1.0.0 (location: D:\AI-Worktrees\Xingyuan\gameplay\Library\PackageCache\com.unity.modules.unitywebrequestaudio)
    com.unity.modules.unitywebrequesttexture@1.0.0 (location: D:\AI-Worktrees\Xingyuan\gameplay\Library\PackageCache\com.unity.modules.unitywebrequesttexture)
    com.unity.modules.unitywebrequestwww@1.0.0 (location: D:\AI-Worktrees\Xingyuan\gameplay\Library\PackageCache\com.unity.modules.unitywebrequestwww)
    com.unity.modules.vectorgraphics@1.0.0 (location: D:\AI-Worktrees\Xingyuan\gameplay\Library\PackageCache\com.unity.modules.vectorgraphics)
    com.unity.modules.vehicles@1.0.0 (location: D:\AI-Worktrees\Xingyuan\gameplay\Library\PackageCache\com.unity.modules.vehicles)
    com.unity.modules.video@1.0.0 (location: D:\AI-Worktrees\Xingyuan\gameplay\Library\PackageCache\com.unity.modules.video)
    com.unity.modules.wind@1.0.0 (location: D:\AI-Worktrees\Xingyuan\gameplay\Library\PackageCache\com.unity.modules.wind)
    com.unity.modules.xr@1.0.0 (location: D:\AI-Worktrees\Xingyuan\gameplay\Library\PackageCache\com.unity.modules.xr)
    com.unity.modules.subsystems@1.0.0 (location: D:\AI-Worktrees\Xingyuan\gameplay\Library\PackageCache\com.unity.modules.subsystems)
    com.unity.modules.hierarchycore@1.0.0 (location: D:\AI-Worktrees\Xingyuan\gameplay\Library\PackageCache\com.unity.modules.hierarchycore)
    com.unity.ext.nunit@2.1.0 (location: D:\AI-Worktrees\Xingyuan\gameplay\Library\PackageCache\com.unity.ext.nunit@44f7d31723bd)
    com.unity.render-pipelines.core@17.5.0 (location: D:\AI-Worktrees\Xingyuan\gameplay\Library\PackageCache\com.unity.render-pipelines.core@0733e3164aa3)
    com.unity.shadergraph@17.5.0 (location: D:\AI-Worktrees\Xingyuan\gameplay\Library\PackageCache\com.unity.shadergraph@8aa9acb51790)
    com.unity.render-pipelines.universal-config@17.5.0 (location: D:\AI-Worktrees\Xingyuan\gameplay\Library\PackageCache\com.unity.render-pipelines.universal-config@fdda01c80fe3)
    com.unity.collections@6.5.0 (location: D:\AI-Worktrees\Xingyuan\gameplay\Library\PackageCache\com.unity.collections@a43cabe808ca)
    com.unity.mathematics@1.4.0 (location: D:\AI-Worktrees\Xingyuan\gameplay\Library\PackageCache\com.unity.mathematics@981956d94fb6)
[Subsystems] No new subsystems found in resolved package list.
[Package Manager] Done registering packages in 0.02 seconds
[ScriptCompilation] Requested script compilation because: AssetDatabase observed changes in script compilation related files
info: Microsoft.Hosting.Lifetime[14]
      Now listening on: http://localhost:80
info: Microsoft.Hosting.Lifetime[0]
      Application started. Press Ctrl+C to shut down.
info: Microsoft.Hosting.Lifetime[0]
      Hosting environment: Production
info: Microsoft.Hosting.Lifetime[0]
      Content root path: D:\AI-Worktrees\Xingyuan\gameplay
info: Microsoft.AspNetCore.Hosting.Diagnostics[1]
      Request starting HTTP/2 POST http://ilpp/UnityILPP.PostProcessing/Ping - application/grpc -
info: Microsoft.AspNetCore.Routing.EndpointMiddleware[0]
      Executing endpoint 'gRPC - /UnityILPP.PostProcessing/Ping'
info: Microsoft.AspNetCore.Routing.EndpointMiddleware[1]
      Executed endpoint 'gRPC - /UnityILPP.PostProcessing/Ping'
info: Microsoft.AspNetCore.Hosting.Diagnostics[2]
      Request finished HTTP/2 POST http://ilpp/UnityILPP.PostProcessing/Ping - 200 - application/grpc 32.9106ms
Starting: C:\Program Files\Unity\Hub\Editor\6000.5.3f1\Editor\Data\Tools\BuildPipeline\bee_backend.exe --ipc --defer-dag-verification --dagfile="Library/Bee/1900b0aE.dag" --continue-on-failure --profile="Library/Bee/backend1.traceevents" ScriptAssemblies
WorkingDir: D:/AI-Worktrees/Xingyuan/gameplay
DisplayProgressbar: Compiling Scripts
info: Microsoft.AspNetCore.Hosting.Diagnostics[1]
      Request starting HTTP/2 POST http://ilpp/UnityILPP.PostProcessing/ConfigurePostProcessors - application/grpc -
info: Microsoft.AspNetCore.Routing.EndpointMiddleware[0]
      Executing endpoint 'gRPC - /UnityILPP.PostProcessing/ConfigurePostProcessors'
warn: Unity.ILPP.Runner.PostProcessingAssemblyLoadContext[0]
      Assembly system.runtime.interopservices.windowsruntime has duplicate hint path. Ignoring "C:\Program Files\Unity\Hub\Editor\6000.5.3f1\Editor\Data\UnityReferenceAssemblies\unity-4.8-api\Facades\System.Runtime.InteropServices.WindowsRuntime.dll" in favor of "C:\Program Files\Unity\Hub\Editor\6000.5.3f1\Editor\Data\NetStandard\Extensions\2.0.0\System.Runtime.InteropServices.WindowsRuntime.dll"
warn: Unity.ILPP.Runner.PostProcessingAssemblyLoadContext[0]
      Assembly system.componentmodel.composition has duplicate hint path. Ignoring "C:\Program Files\Unity\Hub\Editor\6000.5.3f1\Editor\Data\UnityReferenceAssemblies\unity-4.8-api\System.ComponentModel.Composition.dll" in favor of "C:\Program Files\Unity\Hub\Editor\6000.5.3f1\Editor\Data\NetStandard\compat\2.1.0\shims\netfx\System.ComponentModel.Composition.dll"
info: Unity.ILPP.Runner.PostProcessingAssemblyLoadContext[0]
      Resolved Unity.Burst.Cecil, Version=0.11.6.0, Culture=neutral, PublicKeyToken=50cebf1cceb9d05e with Library\PackageCache\com.unity.burst@6bb9aca3ef38\Unity.Burst.CodeGen\Unity.Burst.Cecil.dll
info: Unity.ILPP.Runner.PostProcessingAssemblyLoadContext[0]
      Resolved Mono.Cecil, Version=0.11.5.0, Culture=neutral, PublicKeyToken=50cebf1cceb9d05e with Library\PackageCache\com.unity.nuget.mono-cecil@ecb9724e46ff\Mono.Cecil.dll
info: Microsoft.AspNetCore.Routing.EndpointMiddleware[1]
      Executed endpoint 'gRPC - /UnityILPP.PostProcessing/ConfigurePostProcessors'
info: Microsoft.AspNetCore.Hosting.Diagnostics[2]
      Request finished HTTP/2 POST http://ilpp/UnityILPP.PostProcessing/ConfigurePostProcessors - 200 - application/grpc 37.7176ms
info: Microsoft.AspNetCore.Hosting.Diagnostics[1]
      Request starting HTTP/2 POST http://ilpp/UnityILPP.PostProcessing/PostProcessAssembly - application/grpc -
info: Microsoft.AspNetCore.Routing.EndpointMiddleware[0]
      Executing endpoint 'gRPC - /UnityILPP.PostProcessing/PostProcessAssembly'
info: Unity.ILPP.Runner.PostProcessingPipeline[0]
      Processing assembly Library/Bee/artifacts/1900b0aE.dag/Starfall.Tests.EditMode.dll, with 140 defines and 294 references
info: Unity.ILPP.Runner.PostProcessingPipeline[0]
      processors: Unity.Jobs.CodeGen.JobsILPostProcessor, zzzUnity.Burst.CodeGen.BurstILPostProcessor
info: Unity.ILPP.Runner.PostProcessingPipeline[0]
      running Unity.Jobs.CodeGen.JobsILPostProcessor
info: Unity.ILPP.Runner.PostProcessingPipeline[0]
      running zzzUnity.Burst.CodeGen.BurstILPostProcessor
info: Microsoft.AspNetCore.Routing.EndpointMiddleware[1]
      Executed endpoint 'gRPC - /UnityILPP.PostProcessing/PostProcessAssembly'
info: Microsoft.AspNetCore.Hosting.Diagnostics[2]
      Request finished HTTP/2 POST http://ilpp/UnityILPP.PostProcessing/PostProcessAssembly - 200 - application/grpc 12.9029ms
ExitCode: 0 Duration: 0s512ms
[756/965    0s] ILPP-Configuration Library/ilpp-configuration.nevergeneratedoutput
[961/965    0s] Csc Library/Bee/artifacts/1900b0aE.dag/Starfall.Tests.EditMode.dll (+2 others)
[962/965    0s] ILPostProcess Library/Bee/artifacts/1900b0aE.dag/post-processed/Starfall.Tests.EditMode.dll (+pdb)
Processing assembly Library/Bee/artifacts/1900b0aE.dag/Starfall.Tests.EditMode.dll, with 140 defines and 294 references

processors: Unity.Jobs.CodeGen.JobsILPostProcessor, zzzUnity.Burst.CodeGen.BurstILPostProcessor

running Unity.Jobs.CodeGen.JobsILPostProcessor

running zzzUnity.Burst.CodeGen.BurstILPostProcessor
[963/965    0s] CopyFiles Library/ScriptAssemblies/Starfall.Tests.EditMode.pdb
[964/965    0s] CopyFiles Library/ScriptAssemblies/Starfall.Tests.EditMode.dll
*** Tundra build success (0.47 seconds), 5 items updated, 965 evaluated
AssetDatabase: script compilation time: 0.891937s
Begin MonoManager ReloadAssembly
Total cache size 132944252
Total cache size after purge 132944252, took 00:00:00.0678447
Native extension for WindowsStandalone target not found
Native extension for WebGL target not found
ScheduleIndexationOnStartup MainProcess:True IndexOnStartup:False
Mono: successfully reloaded assembly
- Finished resetting the current domain, in  3.006 seconds
Domain Reload Profiling: 3616ms
	BeginReloadAssembly (156ms)
		DisableScriptedObjects (17ms)
		CreateAndSetChildDomain (35ms)
	RebuildCommonClasses (6ms)
	RebuildNativeTypeToScriptingClass (11ms)
	initialDomainReloadingComplete (37ms)
	LoadAllAssembliesAndSetupDomain (399ms)
		LoadAssemblies (220ms)
		AnalyzeDomain (169ms)
			TypeCache.Refresh (117ms)
				TypeCache.ScanAssembly (109ms)
			BuildScriptInfoCaches (45ms)
			ResolveRequiredComponents (5ms)
	FinalizeReload (3007ms)
		SetupLoadedEditorAssemblies (0ms)
			BeforeProcessingInitializeOnLoad (61ms)
			ProcessInitializeOnLoadAttributes (2504ms)
			ProcessInitializeOnLoadMethodAttributes (170ms)
			AfterProcessingInitializeOnLoad (9ms)
		AwakeInstancesAfterBackupRestoration (27ms)
Starting new worker id: 0 with log in D:/AI-Worktrees/Xingyuan/gameplay/Logs/AssetImportWorkerHW0.log

Asset Pipeline Refresh (id=95a291332ed1c6d40841f6537f80ffe5): Total: 5.173 seconds - Initiated by InitialRefreshV2(ForceSynchronousImport)
	(Values over 0.05ms)
	Summary:
		Imports: total=0 (actual=0, local cache=0, cache server=0)
		Asset DB Process Time: managed=0 ms, native=3368 ms
		Asset DB Callback time: managed=213 ms, native=23 ms
		Scripting: domain reloads=1, domain reload time=641 ms, compile time=893 ms, other=33 ms
		Project Asset Count: scripts=1343, non-scripts=2266
		Asset File Changes: new=0, changed=1, moved=0, deleted=0
		Scan Filter Count: 0
	InvokePackagesCallback: 21.014ms
	ApplyChangesToAssetFolders: 0.524ms
	Scan: 83.957ms
	Collect global state as custom dependencies: 1.962ms
	OnSourceAssetsModified: 0.543ms
	CategorizeScriptCompilationAssets: 30.664ms
	ProcessAssetsWithTransientArtifactChanges: 54.455ms
	CategorizeAssets: 44.576ms
	CompileScripts: 893.003ms
	ImportOutOfDateAssets: 3080.487ms (3026.896ms without children)
		UnloadImportedAssets: 0.756ms
		EnsureUptoDateAssetsAreRegisteredWithGuidPM: 0.473ms
		ImportSchedulerStart: 52.324ms
	PostProcessAllAssets: 214.525ms
		VCAutoAddAssetPostprocess 0.998ms
		XRBuildSystem.XRAssetImported 0.371ms
		MonoPostProcessAllAssets: 212.752ms
			AssetPostprocessor.OnPostprocessAllAssets 138.093ms
			StyleCatalogPostProcessor.OnPostprocessAllAssets 23.930ms
			UniversalRenderPipelineGlobalSettingsPostprocessor.OnPostprocessAllAssets 12.174ms
			BuilderAssetPostprocessor.OnPostprocessAllAssets 7.557ms
			SpeedTree9Postprocessor.OnPostprocessAllAssets 5.143ms
			WindowAssetPostprocessingWatcher.OnPostprocessAllAssets 2.007ms
			ShaderGraphAssetPostProcessor.OnPostprocessAllAssets 1.759ms
			AssetChangedListener.OnPostprocessAllAssets 1.454ms
			RetainedModeAssetPostprocessor.OnPostprocessAllAssets 1.295ms
			EditModeScopePostprocessor.OnPostprocessAllAssets 0.994ms
			RenderPipelineGlobalSettingsPostprocessor.OnPostprocessAllAssets 0.730ms
			ArtifactBrowserPostProcessor.OnPostprocessAllAssets 0.559ms
			MaterialPostprocessor.OnPostprocessAllAssets 0.478ms
			UVCSAssetPostprocessor.OnPostprocessAllAssets 0.415ms
			SampleDependencyImporterPostProcessor.OnPostprocessAllAssets 0.374ms
			AudioMixerPostprocessor.OnPostprocessAllAssets 0.352ms
			TMPro_TexturePostProcessor.OnPostprocessAllAssets 0.338ms
			ReferencedClipsPostProcessor.OnPostprocessAllAssets 0.330ms
			ShaderReflectionAssetPostProcessor.OnPostprocessAllAssets 0.322ms
			AssetEvents.OnPostprocessAllAssets 0.261ms
			TextAssetPostProcessor.OnPostprocessAllAssets 0.230ms
			PostProcessor.OnPostprocessAllAssets 0.230ms
			InputActionAssetPostprocessor.OnPostprocessAllAssets 0.228ms
			InputActionJsonNameModifierAssetProcessor.OnPostprocessAllAssets 0.185ms
			AssetDatabaseCallbacks.OnPostprocessAllAssets 0.173ms
			ConfigAssetsTracker.OnPostprocessAllAssets 0.153ms
			ScenarioDriftAssetsTracker.OnPostprocessAllAssets 0.144ms
			TerrainToolbarOverlayPostProcessor.OnPostprocessAllAssets 0.137ms
			SpeedTreePostProcessor.OnPostprocessAllAssets 0.122ms
			ProjectSettingsPostprocessor.OnPostprocessAllAssets 0.101ms
			SamplePostprocessor.OnPostprocessAllAssets 0.094ms
			AudioContainerPostProcessor.OnPostprocessAllAssets 0.091ms
			SyncVS.PostprocessSyncProject 0.080ms
	PostAssetChangesProfiler: 1.544ms
	UnloadStreamsBegin: 1.751ms
	PersistCurrentRevisions: 0.113ms
	GenerateScriptTypeHashes: 1.101ms
	GenerateScriptTypeSerializationHashes: 2.007ms
	Untracked: 740.365ms

Application.AssetDatabase Initial Refresh End
Shader Hidden/ChartRasterizerHardware is not supported: GPU does not support conservative rasterization
Shader Hidden/ChartRasterizerHardware is not supported: GPU does not support conservative rasterization
Scanning for USB devices : 4.453ms
Initializing Unity extensions:
[MODES] ModeService[none].Initialize
[MODES] ModeService[none].LoadModes
[MODES] Loading mode Default (0) for mode-current-id-XingyuanCovenant
Unloading 26 Unused Serialized files (Serialized files now loaded: 0)
Unloading 6558 unused Assets / (3.1 MB). Loaded Objects now: 7450.
Memory consumption went from 399.1 MB to 396.0 MB.
Total: 12.206200 ms (FindLiveObjects: 0.674100 ms CreateObjectMapping: 2.780400 ms MarkObjects: 6.541600 ms  DeleteObjects: 2.206100 ms)

Microsoft Media Foundation video decoding to texture disabled: graphics device is Null, only Direct3D 11 and Direct3D 12 (only on desktop) are supported for hardware-accelerated video decoding.
[Project] Loading completed in 8.050 seconds
	Project init time: 				7.821 seconds
		Template init time: 		0.000 seconds
		Package Manager init time: 		1.611 seconds
		Asset Database init time: 		0.084 seconds
		Global illumination init time: 	0.002 seconds
		Assemblies load time: 			0.646 seconds
		Unity extensions init time: 	0.031 seconds
		Asset Database refresh time: 	5.173 seconds
	Scene opening time: 			0.135 seconds
##utp:{"type":"ProjectInfo","version":2,"phase":"Immediate","time":1783994813936,"processId":27056,"projectLoad":8.0498617,"projectInit":7.8210378,"templateInit":0.0,"packageManagerInit":1.6112241,"assetDatabaseInit":0.0840414,"globalIlluminationInit":0.0018042,"assembliesLoad":0.6458984,"unityExtensionsInit":0.0308766,"assetDatabaseRefresh":5.1729451,"sceneOpening":0.1347039}
##utp:{"type":"EditorInfo","version":2,"phase":"Immediate","time":1783994813936,"processId":27056,"editorVersion":"6000.5.3f1 (c2eb47b3a2a9)","branch":"6000.5/staging","buildType":"Release","platform":"Windows"}
[Licensing::Client] Successfully resolved entitlement details
Running tests for ExecutionSettings with details:
targetPlatform = 
playerHeartbeatTimeout = 600
filters[0] = 
   Filter with settings:
   testMode = EditMode
   targetPlatform = 
   testNames = null
   groupNames = null
   categoryNames = null
   assemblyNames = null
ignoreTests = {}
featureFlags = null

UnityEngine.Debug:ExtractStackTraceNoAlloc (byte*,int,string)
UnityEngine.StackTraceUtility:ExtractStackTrace ()
UnityEngine.DebugLogHandler:Internal_Log (UnityEngine.LogType,UnityEngine.LogOption,string,UnityEngine.Object)
UnityEngine.DebugLogHandler:LogFormat (UnityEngine.LogType,UnityEngine.Object,string,object[])
UnityEngine.Logger:Log (UnityEngine.LogType,object)
UnityEngine.Debug:Log (object)
UnityEditor.TestTools.TestRunner.CommandLineTest.Executer:InitializeAndExecuteRun (string[]) (at ./Library/PackageCache/com.unity.test-framework@1405238725ab/UnityEditor.TestRunner/CommandLineTest/Executer.cs:53)
UnityEditor.TestTools.TestRunner.CommandLineTest.TestStarter:InitializeAndExecuteRun () (at ./Library/PackageCache/com.unity.test-framework@1405238725ab/UnityEditor.TestRunner/CommandLineTest/TestStarter.cs:64)
UnityEditor.EditorApplication:Internal_CallUpdateFunctions ()

(Filename: ./Library/PackageCache/com.unity.test-framework@1405238725ab/UnityEditor.TestRunner/CommandLineTest/Executer.cs Line: 53)

[UnityConnectServicesConfig] config is NOT valid, switching to default
Created GICache directory at C:/Users/Leon/AppData/LocalLow/Unity/Caches/GiCache. Took: 0.016s, timestamps: [8.052 - 8.068]
[Licensing::Client] Successfully resolved entitlement details
Worker ready: AssetImportWorkerHW0 0
Unloading 6 Unused Serialized files (Serialized files now loaded: 0)
Unloading 4 unused Assets / (64.3 KB). Loaded Objects now: 7476.
Memory consumption went from 403.0 MB to 402.9 MB.
Total: 9.050800 ms (FindLiveObjects: 0.262000 ms CreateObjectMapping: 0.848200 ms MarkObjects: 7.888700 ms  DeleteObjects: 0.051000 ms)

Executing IPrebuildSetup for: Unity.PerformanceTesting.Editor.TestRunBuilder.
UnityEngine.Debug:ExtractStackTraceNoAlloc (byte*,int,string)
UnityEngine.StackTraceUtility:ExtractStackTrace ()
UnityEngine.DebugLogHandler:Internal_Log (UnityEngine.LogType,UnityEngine.LogOption,string,UnityEngine.Object)
UnityEngine.DebugLogHandler:LogFormat (UnityEngine.LogType,UnityEngine.Object,string,object[])
UnityEngine.Logger:Log (UnityEngine.LogType,object)
UnityEngine.Debug:Log (object)
UnityEditor.TestTools.TestRunner.TestRun.Tasks.BuildActionTaskBase`1/<ExecuteMethods>d__8<UnityEngine.TestTools.IPrebuildSetup>:MoveNext () (at ./Library/PackageCache/com.unity.test-framework@1405238725ab/UnityEditor.TestRunner/TestRun/Tasks/BuildActionTaskBase.cs:48)
UnityEditor.TestTools.TestRunner.TestRun.Tasks.BuildActionTaskBase`1/<Execute>d__7<UnityEngine.TestTools.IPrebuildSetup>:MoveNext () (at ./Library/PackageCache/com.unity.test-framework@1405238725ab/UnityEditor.TestRunner/TestRun/Tasks/BuildActionTaskBase.cs:34)
UnityEditor.TestTools.TestRunner.TestRun.TestJobRunner:ExecuteStep () (at ./Library/PackageCache/com.unity.test-framework@1405238725ab/UnityEditor.TestRunner/TestRun/TestJobRunner.cs:194)
UnityEditor.TestTools.TestRunner.TestRun.TestJobRunner:ExecuteCallback () (at ./Library/PackageCache/com.unity.test-framework@1405238725ab/UnityEditor.TestRunner/TestRun/TestJobRunner.cs:129)
UnityEditor.EditorApplication:Internal_CallUpdateFunctions ()

(Filename: ./Library/PackageCache/com.unity.test-framework@1405238725ab/UnityEditor.TestRunner/TestRun/Tasks/BuildActionTaskBase.cs Line: 48)

Saving results to: C:/Users/Leon/AppData/LocalLow/DefaultCompany/XingyuanCovenant\TestResults.xml
Saving results to: Logs\editmode-map-02-results.xml
Executing IPostBuildCleanup for: Unity.PerformanceTesting.Editor.TestRunBuilder.
UnityEngine.Debug:ExtractStackTraceNoAlloc (byte*,int,string)
UnityEngine.StackTraceUtility:ExtractStackTrace ()
UnityEngine.DebugLogHandler:Internal_Log (UnityEngine.LogType,UnityEngine.LogOption,string,UnityEngine.Object)
UnityEngine.DebugLogHandler:LogFormat (UnityEngine.LogType,UnityEngine.Object,string,object[])
UnityEngine.Logger:Log (UnityEngine.LogType,object)
UnityEngine.Debug:Log (object)
UnityEditor.TestTools.TestRunner.TestRun.Tasks.BuildActionTaskBase`1/<ExecuteMethods>d__8<UnityEngine.TestTools.IPostBuildCleanup>:MoveNext () (at ./Library/PackageCache/com.unity.test-framework@1405238725ab/UnityEditor.TestRunner/TestRun/Tasks/BuildActionTaskBase.cs:48)
UnityEditor.TestTools.TestRunner.TestRun.Tasks.BuildActionTaskBase`1/<Execute>d__7<UnityEngine.TestTools.IPostBuildCleanup>:MoveNext () (at ./Library/PackageCache/com.unity.test-framework@1405238725ab/UnityEditor.TestRunner/TestRun/Tasks/BuildActionTaskBase.cs:34)
UnityEditor.TestTools.TestRunner.TestRun.TestJobRunner:ExecuteStep () (at ./Library/PackageCache/com.unity.test-framework@1405238725ab/UnityEditor.TestRunner/TestRun/TestJobRunner.cs:194)
UnityEditor.TestTools.TestRunner.TestRun.TestJobRunner:ExecuteCallback () (at ./Library/PackageCache/com.unity.test-framework@1405238725ab/UnityEditor.TestRunner/TestRun/TestJobRunner.cs:129)
UnityEditor.EditorApplication:Internal_CallUpdateFunctions ()

(Filename: ./Library/PackageCache/com.unity.test-framework@1405238725ab/UnityEditor.TestRunner/TestRun/Tasks/BuildActionTaskBase.cs Line: 48)

Unloading 0 Unused Serialized files (Serialized files now loaded: 0)
Unloading 0 unused Assets / (0 B). Loaded Objects now: 7477.
Memory consumption went from 411.1 MB to 411.1 MB.
Total: 10.848400 ms (FindLiveObjects: 0.225900 ms CreateObjectMapping: 0.826800 ms MarkObjects: 9.773900 ms  DeleteObjects: 0.021000 ms)

DisplayProgressbar: Undo
Test run completed. Exiting with code 0 (Ok). Run completed.
UnityEngine.Debug:ExtractStackTraceNoAlloc (byte*,int,string)
UnityEngine.StackTraceUtility:ExtractStackTrace ()
UnityEngine.DebugLogHandler:Internal_Log (UnityEngine.LogType,UnityEngine.LogOption,string,UnityEngine.Object)
UnityEngine.DebugLogHandler:LogFormat (UnityEngine.LogType,UnityEngine.Object,string,object[])
UnityEngine.Logger:Log (UnityEngine.LogType,object)
UnityEngine.Debug:Log (object)
UnityEditor.TestTools.TestRunner.CommandLineTest.Executer:ExitApplication (UnityEditor.TestTools.TestRunner.CommandLineTest.Executer/ReturnCodes,string) (at ./Library/PackageCache/com.unity.test-framework@1405238725ab/UnityEditor.TestRunner/CommandLineTest/Executer.cs:81)
UnityEditor.TestTools.TestRunner.CommandLineTest.Executer:ExitIfRunIsCompleted () (at ./Library/PackageCache/com.unity.test-framework@1405238725ab/UnityEditor.TestRunner/CommandLineTest/Executer.cs:74)
UnityEditor.EditorApplication:Internal_CallUpdateFunctions ()

(Filename: ./Library/PackageCache/com.unity.test-framework@1405238725ab/UnityEditor.TestRunner/CommandLineTest/Executer.cs Line: 81)

MonoPathRemapper: Attempts to remap: 24331; Successful remaps: 600
Serialized file version minimum: 23, current 23
[Physics::Module] Cleanup current backend.
[Physics::Module] Id: 0xf2b8ea05
Input System module state changed to: ShutdownInProgress.
Input Polling Thread exited.
Input System module state changed to: Shutdown.
[Licensing::IpcConnector] LicenseClient-Leon-6000.5.3-notifications channel disconnected successfully.
[Licensing::IpcConnector] LicenseClient-Leon-6000.5.3 channel disconnected successfully.
Shut down.
AcceleratorClientConnectionCallback - disconnected - :0
Cleanup mono
CodeReloadManager destroyed
abort_threads: Failed aborting id: 0000000000004C20, mono_thread_manage will ignore it

abort_threads: Failed aborting id: 0000000000007D50, mono_thread_manage will ignore it

abort_threads: Failed aborting id: 0000000000004C20, mono_thread_manage will ignore it

abort_threads: Failed aborting id: 0000000000007D50, mono_thread_manage will ignore it

debugger-agent: Unable to listen on 3280
Checking for leaked weakptr:
  Found no leaked weakptrs.
[Package Manager] Server process was shutdown
##utp:{"type":"MemoryLeaks","version":2,"phase":"Immediate","time":1783994818970,"processId":27056,"allocatedMemory":16531244,"memoryLabels":[{"Default":189381},{"Permanent":15516},{"NewDelete":66347},{"Thread":4197560},{"Manager":35557},{"VertexData":8},{"Geometry":816},{"Texture":24},{"Shader":848802},{"Material":24},{"GfxDevice":55328},{"Animation":952},{"Audio":968},{"FreeType":8},{"FontEngine":736},{"Physics":2146},{"Physics2D":16},{"Serialization":952},{"Input":42840},{"JobScheduler":256},{"TextLib":280},{"Mono":48},{"MonoCode":64},{"ScriptingNativeRuntime":1530780},{"BaseObject":1622536},{"Resource":1208},{"Renderer":3080},{"Transform":4685},{"File":1032},{"WebCam":616},{"Culling":32},{"Terrain":11442},{"Wind":24},{"STL":40},{"String":13075},{"StaticString":3808},{"Utility":2674326},{"Curl":2675},{"PoolAlloc":2264},{"AI":80},{"TypeTree":17165},{"CodeReload":448},{"RuntimeInitializeOnLoadManager":64},{"Sprites":102},{"SpriteAtlas":120},{"GI":7816},{"Director":8296},{"CloudService":288},{"WebRequest":552},{"VR":47114},{"SceneManager":608},{"Video":64},{"LazyScriptCache":32},{"Camera":17},{"Secure":2377},{"SerializationCache":1576},{"APIUpdating":10320},{"Subsystems":336},{"VirtualTexturing":57888},{"StaticSafetyDebugInfo":278528},{"Analytics":424},{"Hierarchy":1176},{"UIElements":72},{"CoreStats":13688},{"Identifiers":6768},{"Gui":128},{"EditorUtility":115397},{"VersionControl":8},{"Undo":931},{"AssetDatabase":4572996},{"AssetImporter":40},{"EditorGi":328},{"UnityConnect":38929},{"Upm":1912},{"UpmDiagnostics":8},{"AssetCompliance":64},{"DrivenProperties":72},{"LocalIPC":210},{"ProfilerEditor":9746},{"CoreBusinessMetrics":3224},{"Windowing":456},{"Licensing":664},{"AssetReference":32},{"IPCStream":32}]}
